<?xml version="1.0" encoding="UTF-8"?>
<!-- Generated by org.testng.reporters.JUnitReportReporter -->
<<<<<<< HEAD
<testsuite hostname="Shanmathi" failures="0" tests="1" name="runners.ProductRunner" time="8.958" errors="0" timestamp="17 Mar 2025 11:06:44 GMT">
  <testcase classname="runners.ProductRunner" name="runScenario" time="8.958"/>
=======
<testsuite hostname="Shanmathi" failures="0" tests="1" name="runners.ProductRunner" time="99.464" errors="0" timestamp="18 Mar 2025 04:06:43 GMT">
  <testcase classname="runners.ProductRunner" name="runScenario" time="99.464"/>
>>>>>>> ef3c05e (Initial commit - Uploading Bookswagon Automation project)
</testsuite> <!-- runners.ProductRunner -->
