<?xml version="1.0" encoding="UTF-8"?>
<!-- Generated by org.testng.reporters.JUnitReportReporter -->
<<<<<<< HEAD
<testsuite hostname="Shanmathi" failures="0" tests="2" name="runners.LoginRunner" time="10.501" errors="0" timestamp="17 Mar 2025 11:06:44 GMT">
  <testcase classname="runners.LoginRunner" name="runScenario" time="4.802"/>
  <testcase classname="runners.LoginRunner" name="runScenario" time="5.699"/>
=======
<testsuite hostname="Shanmathi" failures="0" tests="2" name="runners.LoginRunner" time="27.830" errors="0" timestamp="18 Mar 2025 04:06:43 GMT">
  <testcase classname="runners.LoginRunner" name="runScenario" time="13.485"/>
  <testcase classname="runners.LoginRunner" name="runScenario" time="14.345"/>
>>>>>>> ef3c05e (Initial commit - Uploading Bookswagon Automation project)
</testsuite> <!-- runners.LoginRunner -->
