<?xml version="1.0" encoding="UTF-8"?>
<!-- Generated by org.testng.reporters.JUnitReportReporter -->
<testsuite hostname="Shanmathi" failures="0" tests="1" name="Tests.HomePageTest" time="11.572" errors="0" timestamp="15 Mar 2025 09:10:49 GMT">
  <testcase classname="Tests.HomePageTest" name="displaysearchbar" time="11.572"/>
</testsuite> <!-- Tests.HomePageTest -->
