<?xml version="1.0" encoding="UTF-8"?>
<!-- Generated by org.testng.reporters.JUnitReportReporter -->
<testsuite hostname="Shanmathi" failures="0" tests="1" name="Tests.LoginTest" time="24.922" errors="0" timestamp="15 Mar 2025 09:21:07 GMT">
  <testcase classname="Tests.LoginTest" name="testLogin" time="24.922"/>
</testsuite> <!-- Tests.LoginTest -->
