<?xml version="1.0" encoding="UTF-8"?>
<!-- Generated by org.testng.reporters.JUnitReportReporter -->
<testsuite hostname="Shanmathi" failures="0" tests="1" name="runners.HomeRunner" time="6.018" errors="0" timestamp="21 Mar 2025 04:11:54 GMT">
  <testcase classname="runners.HomeRunner" name="runScenario" time="6.018"/>
</testsuite> <!-- runners.HomeRunner -->
