<?xml version="1.0" encoding="UTF-8"?>
<!-- Generated by org.testng.reporters.JUnitReportReporter -->
<<<<<<< HEAD
<testsuite hostname="Shanmathi" failures="0" tests="1" name="runners.HomeRunner" time="5.127" errors="0" timestamp="17 Mar 2025 11:06:44 GMT">
  <testcase classname="runners.HomeRunner" name="runScenario" time="5.127"/>
=======
<testsuite hostname="Shanmathi" failures="0" tests="1" name="runners.HomeRunner" time="5.219" errors="0" timestamp="18 Mar 2025 04:06:43 GMT">
  <testcase classname="runners.HomeRunner" name="runScenario" time="5.219"/>
>>>>>>> ef3c05e (Initial commit - Uploading Bookswagon Automation project)
</testsuite> <!-- runners.HomeRunner -->
