<?xml version="1.0" encoding="UTF-8"?>
<!-- Generated by org.testng.reporters.JUnitReportReporter -->
<testsuite hostname="Shanmathi" failures="0" tests="1" name="runners.HomepageTestRunner" time="9.555" errors="0" timestamp="14 Mar 2025 11:14:03 GMT">
  <testcase classname="runners.HomepageTestRunner" name="runScenario" time="9.555"/>
</testsuite> <!-- runners.HomepageTestRunner -->
