<?xml version="1.0" encoding="UTF-8"?>
<!-- Generated by org.testng.reporters.JUnitReportReporter -->
<testsuite hostname="Shanmathi" failures="0" tests="1" name="runners.CartRunner" time="7.597" errors="0" timestamp="21 Mar 2025 04:11:54 GMT">
  <testcase classname="runners.CartRunner" name="runScenario" time="7.597"/>
</testsuite> <!-- runners.CartRunner -->
