<?xml version="1.0" encoding="UTF-8"?>
<!-- Generated by org.testng.reporters.JUnitReportReporter -->
<<<<<<< HEAD
<testsuite hostname="Shanmathi" failures="0" tests="1" name="runners.SearchRunner" time="10.498" errors="0" timestamp="17 Mar 2025 11:06:44 GMT">
  <testcase classname="runners.SearchRunner" name="runScenario" time="10.498"/>
=======
<testsuite hostname="Shanmathi" failures="0" tests="1" name="runners.SearchRunner" time="12.644" errors="0" timestamp="18 Mar 2025 04:06:43 GMT">
  <testcase classname="runners.SearchRunner" name="runScenario" time="12.644"/>
>>>>>>> ef3c05e (Initial commit - Uploading Bookswagon Automation project)
</testsuite> <!-- runners.SearchRunner -->
