<?xml version="1.0" encoding="UTF-8"?>
<!-- Generated by org.testng.reporters.JUnitReportReporter -->
<testsuite hostname="Shanmathi" failures="0" tests="1" name="Tests.SearchTest" time="46.388" errors="0" timestamp="15 Mar 2025 09:12:00 GMT">
  <testcase classname="Tests.SearchTest" name="searchAndFilter" time="46.388"/>
</testsuite> <!-- Tests.SearchTest -->
